Started GET "/" for 127.0.0.1 at 2024-07-22 22:28:36 -0700
  [1m[35m (3.2ms)[0m  [1m[35mCREATE TABLE "schema_migrations" ("version" varchar NOT NULL PRIMARY KEY)[0m
  [1m[35m (0.9ms)[0m  [1m[35mCREATE TABLE "ar_internal_metadata" ("key" varchar NOT NULL PRIMARY KEY, "value" varchar, "created_at" datetime(6) NOT NULL, "updated_at" datetime(6) NOT NULL)[0m
  [1m[36mActiveRecord::SchemaMigration Load (0.1ms)[0m  [1m[34mSELECT "schema_migrations"."version" FROM "schema_migrations" ORDER BY "schema_migrations"."version" ASC[0m
Processing by Rails::WelcomeController#index as HTML
  Rendering /home/usman90/.asdf/installs/ruby/3.3.3/lib/ruby/gems/3.3.0/gems/railties-7.2.0.beta3/lib/rails/templates/rails/welcome/index.html.erb
  Rendered /home/usman90/.asdf/installs/ruby/3.3.3/lib/ruby/gems/3.3.0/gems/railties-7.2.0.beta3/lib/rails/templates/rails/welcome/index.html.erb (Duration: 1.0ms | GC: 0.0ms)
Completed 200 OK in 48ms (Views: 8.8ms | ActiveRecord: 0.0ms (0 queries, 0 cached) | GC: 0.9ms)


Started GET "/" for 127.0.0.1 at 2024-07-23 00:08:50 -0700
  
LoadError (cannot load such file -- /home/usman90/DevDen/Project-Internship/Ecommerce-App/config/routes.rb):
  
railties (7.2.0.beta3) lib/rails/application/routes_reloader.rb:50:in `load'
railties (7.2.0.beta3) lib/rails/application/routes_reloader.rb:50:in `block in load_paths'
railties (7.2.0.beta3) lib/rails/application/routes_reloader.rb:50:in `each'
railties (7.2.0.beta3) lib/rails/application/routes_reloader.rb:50:in `load_paths'
railties (7.2.0.beta3) lib/rails/application/routes_reloader.rb:24:in `reload!'
railties (7.2.0.beta3) lib/rails/application/routes_reloader.rb:38:in `block in updater'
activesupport (7.2.0.beta3) lib/active_support/file_update_checker.rb:85:in `execute'
railties (7.2.0.beta3) lib/rails/application/routes_reloader.rb:13:in `execute'
railties (7.2.0.beta3) lib/rails/application/finisher.rb:176:in `block (2 levels) in <module:Finisher>'
activesupport (7.2.0.beta3) lib/active_support/callbacks.rb:407:in `instance_exec'
activesupport (7.2.0.beta3) lib/active_support/callbacks.rb:407:in `block in make_lambda'
activesupport (7.2.0.beta3) lib/active_support/callbacks.rb:179:in `block in call'
activesupport (7.2.0.beta3) lib/active_support/callbacks.rb:668:in `block (2 levels) in default_terminator'
activesupport (7.2.0.beta3) lib/active_support/callbacks.rb:667:in `catch'
activesupport (7.2.0.beta3) lib/active_support/callbacks.rb:667:in `block in default_terminator'
activesupport (7.2.0.beta3) lib/active_support/callbacks.rb:180:in `call'
activesupport (7.2.0.beta3) lib/active_support/callbacks.rb:559:in `block in invoke_before'
activesupport (7.2.0.beta3) lib/active_support/callbacks.rb:559:in `each'
activesupport (7.2.0.beta3) lib/active_support/callbacks.rb:559:in `invoke_before'
activesupport (7.2.0.beta3) lib/active_support/callbacks.rb:109:in `run_callbacks'
activesupport (7.2.0.beta3) lib/active_support/execution_wrapper.rb:128:in `run'
activesupport (7.2.0.beta3) lib/active_support/execution_wrapper.rb:124:in `run!'
activesupport (7.2.0.beta3) lib/active_support/reloader.rb:122:in `run!'
activesupport (7.2.0.beta3) lib/active_support/execution_wrapper.rb:77:in `block in run!'
<internal:kernel>:90:in `tap'
activesupport (7.2.0.beta3) lib/active_support/execution_wrapper.rb:74:in `run!'
activesupport (7.2.0.beta3) lib/active_support/reloader.rb:64:in `run!'
actionpack (7.2.0.beta3) lib/action_dispatch/middleware/executor.rb:14:in `call'
actionpack (7.2.0.beta3) lib/action_dispatch/middleware/actionable_exceptions.rb:18:in `call'
actionpack (7.2.0.beta3) lib/action_dispatch/middleware/debug_exceptions.rb:31:in `call'
web-console (4.2.1) lib/web_console/middleware.rb:132:in `call_app'
web-console (4.2.1) lib/web_console/middleware.rb:28:in `block in call'
web-console (4.2.1) lib/web_console/middleware.rb:17:in `catch'
web-console (4.2.1) lib/web_console/middleware.rb:17:in `call'
actionpack (7.2.0.beta3) lib/action_dispatch/middleware/show_exceptions.rb:32:in `call'
railties (7.2.0.beta3) lib/rails/rack/logger.rb:41:in `call_app'
railties (7.2.0.beta3) lib/rails/rack/logger.rb:29:in `call'
sprockets-rails (3.5.1) lib/sprockets/rails/quiet_assets.rb:17:in `call'
actionpack (7.2.0.beta3) lib/action_dispatch/middleware/remote_ip.rb:96:in `call'
actionpack (7.2.0.beta3) lib/action_dispatch/middleware/request_id.rb:33:in `call'
rack (3.1.7) lib/rack/method_override.rb:28:in `call'
rack (3.1.7) lib/rack/runtime.rb:24:in `call'
activesupport (7.2.0.beta3) lib/active_support/cache/strategy/local_cache_middleware.rb:29:in `call'
actionpack (7.2.0.beta3) lib/action_dispatch/middleware/server_timing.rb:61:in `block in call'
actionpack (7.2.0.beta3) lib/action_dispatch/middleware/server_timing.rb:26:in `collect_events'
actionpack (7.2.0.beta3) lib/action_dispatch/middleware/server_timing.rb:60:in `call'
actionpack (7.2.0.beta3) lib/action_dispatch/middleware/executor.rb:16:in `call'
actionpack (7.2.0.beta3) lib/action_dispatch/middleware/static.rb:27:in `call'
rack (3.1.7) lib/rack/sendfile.rb:114:in `call'
actionpack (7.2.0.beta3) lib/action_dispatch/middleware/host_authorization.rb:143:in `call'
railties (7.2.0.beta3) lib/rails/engine.rb:535:in `call'
puma (6.4.2) lib/puma/configuration.rb:272:in `call'
puma (6.4.2) lib/puma/request.rb:100:in `block in handle_request'
puma (6.4.2) lib/puma/thread_pool.rb:378:in `with_force_shutdown'
puma (6.4.2) lib/puma/request.rb:99:in `handle_request'
puma (6.4.2) lib/puma/server.rb:464:in `process_client'
puma (6.4.2) lib/puma/server.rb:245:in `block in run'
puma (6.4.2) lib/puma/thread_pool.rb:155:in `block in spawn_thread'
Started GET "/favicon.ico" for 127.0.0.1 at 2024-07-23 00:08:52 -0700
  
ActionController::RoutingError (No route matches [GET] "/favicon.ico"):
  
Started GET "/" for 127.0.0.1 at 2024-07-23 00:09:17 -0700
  [1m[36mActiveRecord::SchemaMigration Load (0.3ms)[0m  [1m[34mSELECT "schema_migrations"."version" FROM "schema_migrations" ORDER BY "schema_migrations"."version" ASC[0m
Processing by Rails::WelcomeController#index as HTML
  Rendering /home/usman90/.asdf/installs/ruby/3.3.3/lib/ruby/gems/3.3.0/gems/railties-7.2.0.beta3/lib/rails/templates/rails/welcome/index.html.erb
  Rendered /home/usman90/.asdf/installs/ruby/3.3.3/lib/ruby/gems/3.3.0/gems/railties-7.2.0.beta3/lib/rails/templates/rails/welcome/index.html.erb (Duration: 1.5ms | GC: 0.0ms)
Completed 200 OK in 16ms (Views: 6.2ms | ActiveRecord: 0.0ms (0 queries, 0 cached) | GC: 0.0ms)


Started GET "/" for 127.0.0.1 at 2024-07-23 06:04:33 -0700
  [1m[36mActiveRecord::SchemaMigration Load (0.6ms)[0m  [1m[34mSELECT "schema_migrations"."version" FROM "schema_migrations" ORDER BY "schema_migrations"."version" ASC[0m
Processing by Rails::WelcomeController#index as HTML
  Rendering /home/usman90/.asdf/installs/ruby/3.3.3/lib/ruby/gems/3.3.0/gems/railties-7.2.0.beta3/lib/rails/templates/rails/welcome/index.html.erb
  Rendered /home/usman90/.asdf/installs/ruby/3.3.3/lib/ruby/gems/3.3.0/gems/railties-7.2.0.beta3/lib/rails/templates/rails/welcome/index.html.erb (Duration: 2.8ms | GC: 0.0ms)
Completed 200 OK in 25ms (Views: 12.1ms | ActiveRecord: 0.0ms (0 queries, 0 cached) | GC: 0.0ms)


Started GET "/" for 127.0.0.1 at 2024-07-23 06:15:33 -0700
  [1m[36mActiveRecord::SchemaMigration Load (2.5ms)[0m  [1m[34mSELECT "schema_migrations"."version" FROM "schema_migrations" ORDER BY "schema_migrations"."version" ASC[0m
Processing by Rails::WelcomeController#index as HTML
  Rendering /home/usman90/.asdf/installs/ruby/3.3.3/lib/ruby/gems/3.3.0/gems/railties-7.2.0.beta3/lib/rails/templates/rails/welcome/index.html.erb
  Rendered /home/usman90/.asdf/installs/ruby/3.3.3/lib/ruby/gems/3.3.0/gems/railties-7.2.0.beta3/lib/rails/templates/rails/welcome/index.html.erb (Duration: 1.8ms | GC: 0.0ms)
Completed 200 OK in 46ms (Views: 17.0ms | ActiveRecord: 0.0ms (0 queries, 0 cached) | GC: 0.0ms)


